<?xml version="1.0" encoding="UTF-8"?>
<!-- Generated by org.testng.reporters.JUnitReportReporter -->
<testsuite skipped="0" hostname="AMITHALDER-PC" name="test.SeleniumJava" tests="1" failures="0" timestamp="31 May 2021 11:55:22 GMT" time="7.262" errors="0">
  <testcase name="Selenium_Java" time="7.262" classname="test.SeleniumJava"/>
</testsuite> <!-- test.SeleniumJava -->
