<?xml version="1.0" encoding="UTF-8"?>
<!-- Generated by org.testng.reporters.JUnitReportReporter -->
<testsuite skipped="0" hostname="AMITHALDER-PC" name="test.Appium" tests="1" failures="0" timestamp="31 May 2021 15:48:46 GMT" time="8.087" errors="0">
  <testcase name="AppiUM" time="8.087" classname="test.Appium"/>
</testsuite> <!-- test.Appium -->
