<?xml version="1.0" encoding="UTF-8"?>
<!-- Generated by org.testng.reporters.JUnitReportReporter -->
<testsuite skipped="0" hostname="AMITHALDER-PC" name="test.LaunchBrowser" tests="1" failures="0" timestamp="31 May 2021 11:55:22 GMT" time="8.677" errors="0">
  <testcase name="Launch_Browser" time="8.677" classname="test.LaunchBrowser"/>
</testsuite> <!-- test.LaunchBrowser -->
